2024-07-31 15:18:22,246 INFO: Survey startup [in c:\Users\2880\Desktop\forms\froms\app\__init__.py:60]
2024-07-31 15:18:22,251 INFO: Mail configuration: SERVER=smtp.simmon.jp, PORT=587, USE_TLS=True, USE_SSL=False [in c:\Users\2880\Desktop\forms\froms\app\__init__.py:63]
2024-07-31 15:18:22,251 INFO: Mail configuration: SERVER=smtp.simmon.jp, PORT=587, USE_TLS=True, USE_SSL=False [in c:\Users\2880\Desktop\forms\froms\app\__init__.py:63]
2024-07-31 15:18:22,725 INFO: Survey startup [in c:\Users\2880\Desktop\forms\froms\app\__init__.py:60]
2024-07-31 15:18:22,725 INFO: Mail configuration: SERVER=smtp.simmon.jp, PORT=587, USE_TLS=True, USE_SSL=False [in c:\Users\2880\Desktop\forms\froms\app\__init__.py:63]
2024-07-31 15:18:22,742 INFO: Survey startup [in c:\Users\2880\Desktop\forms\froms\app\__init__.py:60]
2024-07-31 15:18:22,742 INFO: Survey startup [in c:\Users\2880\Desktop\forms\froms\app\__init__.py:60]
2024-07-31 15:18:22,743 INFO: Mail configuration: SERVER=smtp.simmon.jp, PORT=587, USE_TLS=True, USE_SSL=False [in c:\Users\2880\Desktop\forms\froms\app\__init__.py:63]
2024-07-31 15:18:22,743 INFO: Mail configuration: SERVER=smtp.simmon.jp, PORT=587, USE_TLS=True, USE_SSL=False [in c:\Users\2880\Desktop\forms\froms\app\__init__.py:63]
2024-07-31 15:18:38,980 INFO: Submit data: {'owner_name': '齊藤', 'owner_name_kana': 'さいとう', 'selectphoneormail': 'mail', 'email': 'saito_kouki@simmon.jp', 'contact_info': '', 'proxy': 'なし', 'proxy_name': '', 'proxy_name_kana': '', 'preferred_date': '2024-08-22', 'preferred_time': '10:00', 'meeting_place': '自宅', 'additional_info': ''} [in c:\Users\2880\Desktop\forms\froms\app\routes\main.py:24]
2024-07-31 15:18:38,980 INFO: Submit data: {'owner_name': '齊藤', 'owner_name_kana': 'さいとう', 'selectphoneormail': 'mail', 'email': 'saito_kouki@simmon.jp', 'contact_info': '', 'proxy': 'なし', 'proxy_name': '', 'proxy_name_kana': '', 'preferred_date': '2024-08-22', 'preferred_time': '10:00', 'meeting_place': '自宅', 'additional_info': ''} [in c:\Users\2880\Desktop\forms\froms\app\routes\main.py:24]
2024-07-31 15:18:38,983 ERROR: Error occurred during form submission: 'dict' object has no attribute 'getlist' [in c:\Users\2880\Desktop\forms\froms\app\routes\main.py:68]
Traceback (most recent call last):
  File "c:\Users\2880\Desktop\forms\froms\app\routes\main.py", line 34, in submit
    contact_time=','.join(survey_data.getlist('contact_time', [])),  # getlistを使用
                          ^^^^^^^^^^^^^^^^^^^
AttributeError: 'dict' object has no attribute 'getlist'
2024-07-31 15:18:38,983 ERROR: Error occurred during form submission: 'dict' object has no attribute 'getlist' [in c:\Users\2880\Desktop\forms\froms\app\routes\main.py:68]
Traceback (most recent call last):
  File "c:\Users\2880\Desktop\forms\froms\app\routes\main.py", line 34, in submit
    contact_time=','.join(survey_data.getlist('contact_time', [])),  # getlistを使用
                          ^^^^^^^^^^^^^^^^^^^
AttributeError: 'dict' object has no attribute 'getlist'
2024-08-15 14:36:50,950 INFO: Survey startup [in c:\Users\2880\Desktop\forms\froms\app\__init__.py:60]
2024-08-15 14:36:50,950 INFO: Mail configuration: SERVER=smtp.simmon.jp, PORT=587, USE_TLS=True, USE_SSL=False [in c:\Users\2880\Desktop\forms\froms\app\__init__.py:63]
2024-08-15 14:36:50,950 INFO: Survey startup [in c:\Users\2880\Desktop\forms\froms\app\__init__.py:60]
2024-08-15 14:36:50,950 INFO: Survey startup [in c:\Users\2880\Desktop\forms\froms\app\__init__.py:60]
2024-08-15 14:36:50,950 INFO: Mail configuration: SERVER=smtp.simmon.jp, PORT=587, USE_TLS=True, USE_SSL=False [in c:\Users\2880\Desktop\forms\froms\app\__init__.py:63]
2024-08-15 14:36:50,950 INFO: Mail configuration: SERVER=smtp.simmon.jp, PORT=587, USE_TLS=True, USE_SSL=False [in c:\Users\2880\Desktop\forms\froms\app\__init__.py:63]
2024-08-15 14:36:51,453 INFO: Survey startup [in c:\Users\2880\Desktop\forms\froms\app\__init__.py:60]
2024-08-15 14:36:51,453 INFO: Mail configuration: SERVER=smtp.simmon.jp, PORT=587, USE_TLS=True, USE_SSL=False [in c:\Users\2880\Desktop\forms\froms\app\__init__.py:63]
2024-08-15 14:36:51,456 INFO: Survey startup [in c:\Users\2880\Desktop\forms\froms\app\__init__.py:60]
2024-08-15 14:36:51,456 INFO: Survey startup [in c:\Users\2880\Desktop\forms\froms\app\__init__.py:60]
2024-08-15 14:36:51,456 INFO: Mail configuration: SERVER=smtp.simmon.jp, PORT=587, USE_TLS=True, USE_SSL=False [in c:\Users\2880\Desktop\forms\froms\app\__init__.py:63]
2024-08-15 14:36:51,456 INFO: Mail configuration: SERVER=smtp.simmon.jp, PORT=587, USE_TLS=True, USE_SSL=False [in c:\Users\2880\Desktop\forms\froms\app\__init__.py:63]
2024-08-15 15:33:44,129 INFO: Survey startup [in c:\Users\2880\Desktop\forms\froms\app\__init__.py:60]
2024-08-15 15:33:44,130 INFO: Mail configuration: SERVER=smtp.simmon.jp, PORT=587, USE_TLS=True, USE_SSL=False [in c:\Users\2880\Desktop\forms\froms\app\__init__.py:63]
2024-08-15 15:33:44,132 INFO: Survey startup [in c:\Users\2880\Desktop\forms\froms\app\__init__.py:60]
2024-08-15 15:33:44,132 INFO: Survey startup [in c:\Users\2880\Desktop\forms\froms\app\__init__.py:60]
2024-08-15 15:33:44,132 INFO: Mail configuration: SERVER=smtp.simmon.jp, PORT=587, USE_TLS=True, USE_SSL=False [in c:\Users\2880\Desktop\forms\froms\app\__init__.py:63]
2024-08-15 15:33:44,132 INFO: Mail configuration: SERVER=smtp.simmon.jp, PORT=587, USE_TLS=True, USE_SSL=False [in c:\Users\2880\Desktop\forms\froms\app\__init__.py:63]
2024-08-15 15:43:43,393 INFO: Survey startup [in c:\Users\2880\Desktop\forms\froms\app\__init__.py:60]
2024-08-15 15:43:43,393 INFO: Mail configuration: SERVER=smtp.simmon.jp, PORT=587, USE_TLS=True, USE_SSL=False [in c:\Users\2880\Desktop\forms\froms\app\__init__.py:63]
2024-08-15 15:43:43,395 INFO: Survey startup [in c:\Users\2880\Desktop\forms\froms\app\__init__.py:60]
2024-08-15 15:43:43,395 INFO: Survey startup [in c:\Users\2880\Desktop\forms\froms\app\__init__.py:60]
2024-08-15 15:43:43,396 INFO: Mail configuration: SERVER=smtp.simmon.jp, PORT=587, USE_TLS=True, USE_SSL=False [in c:\Users\2880\Desktop\forms\froms\app\__init__.py:63]
2024-08-15 15:43:43,396 INFO: Mail configuration: SERVER=smtp.simmon.jp, PORT=587, USE_TLS=True, USE_SSL=False [in c:\Users\2880\Desktop\forms\froms\app\__init__.py:63]
2024-08-15 15:49:46,857 INFO: Survey startup [in c:\Users\2880\Desktop\forms\froms\app\__init__.py:60]
2024-08-15 15:49:46,873 INFO: Mail configuration: SERVER=smtp.simmon.jp, PORT=587, USE_TLS=True, USE_SSL=False [in c:\Users\2880\Desktop\forms\froms\app\__init__.py:63]
2024-08-15 15:49:46,876 INFO: Survey startup [in c:\Users\2880\Desktop\forms\froms\app\__init__.py:60]
2024-08-15 15:49:46,876 INFO: Survey startup [in c:\Users\2880\Desktop\forms\froms\app\__init__.py:60]
2024-08-15 15:49:46,876 INFO: Mail configuration: SERVER=smtp.simmon.jp, PORT=587, USE_TLS=True, USE_SSL=False [in c:\Users\2880\Desktop\forms\froms\app\__init__.py:63]
2024-08-15 15:49:46,876 INFO: Mail configuration: SERVER=smtp.simmon.jp, PORT=587, USE_TLS=True, USE_SSL=False [in c:\Users\2880\Desktop\forms\froms\app\__init__.py:63]
2024-08-15 15:49:49,404 INFO: Survey startup [in c:\Users\2880\Desktop\forms\froms\app\__init__.py:60]
2024-08-15 15:49:49,404 INFO: Mail configuration: SERVER=smtp.simmon.jp, PORT=587, USE_TLS=True, USE_SSL=False [in c:\Users\2880\Desktop\forms\froms\app\__init__.py:63]
2024-08-15 15:49:49,407 INFO: Survey startup [in c:\Users\2880\Desktop\forms\froms\app\__init__.py:60]
2024-08-15 15:49:49,407 INFO: Survey startup [in c:\Users\2880\Desktop\forms\froms\app\__init__.py:60]
2024-08-15 15:49:49,407 INFO: Mail configuration: SERVER=smtp.simmon.jp, PORT=587, USE_TLS=True, USE_SSL=False [in c:\Users\2880\Desktop\forms\froms\app\__init__.py:63]
2024-08-15 15:49:49,407 INFO: Mail configuration: SERVER=smtp.simmon.jp, PORT=587, USE_TLS=True, USE_SSL=False [in c:\Users\2880\Desktop\forms\froms\app\__init__.py:63]
2024-08-15 16:04:46,461 INFO: Survey startup [in c:\Users\2880\Desktop\forms\froms\app\__init__.py:60]
2024-08-15 16:04:46,461 INFO: Mail configuration: SERVER=smtp.simmon.jp, PORT=587, USE_TLS=True, USE_SSL=False [in c:\Users\2880\Desktop\forms\froms\app\__init__.py:63]
2024-08-15 16:04:46,468 INFO: Survey startup [in c:\Users\2880\Desktop\forms\froms\app\__init__.py:60]
2024-08-15 16:04:46,468 INFO: Survey startup [in c:\Users\2880\Desktop\forms\froms\app\__init__.py:60]
2024-08-15 16:04:46,469 INFO: Mail configuration: SERVER=smtp.simmon.jp, PORT=587, USE_TLS=True, USE_SSL=False [in c:\Users\2880\Desktop\forms\froms\app\__init__.py:63]
2024-08-15 16:04:46,469 INFO: Mail configuration: SERVER=smtp.simmon.jp, PORT=587, USE_TLS=True, USE_SSL=False [in c:\Users\2880\Desktop\forms\froms\app\__init__.py:63]
